-------------------------------------------------------------------------------
Test set: com.sg.flooring.dao.OrderDaoTest
-------------------------------------------------------------------------------
Tests run: 5, Failures: 0, Errors: 5, Skipped: 0, Time elapsed: 0.015 sec <<< FAILURE! - in com.sg.flooring.dao.OrderDaoTest
testEdit  Time elapsed: 0 sec  <<< ERROR!
com.sg.flooring.dao.PersistenceException: -_- Could not load data into memory.
	at com.sg.flooring.dao.OrderDaoTest.<init>(OrderDaoTest.java:30)
Caused by: java.io.FileNotFoundException: MODE.txt (The system cannot find the file specified)
	at com.sg.flooring.dao.OrderDaoTest.<init>(OrderDaoTest.java:30)

testAddOrder  Time elapsed: 0 sec  <<< ERROR!
com.sg.flooring.dao.PersistenceException: -_- Could not load data into memory.
	at com.sg.flooring.dao.OrderDaoTest.<init>(OrderDaoTest.java:30)
Caused by: java.io.FileNotFoundException: MODE.txt (The system cannot find the file specified)
	at com.sg.flooring.dao.OrderDaoTest.<init>(OrderDaoTest.java:30)

testGetAllOrders  Time elapsed: 0 sec  <<< ERROR!
com.sg.flooring.dao.PersistenceException: -_- Could not load data into memory.
	at com.sg.flooring.dao.OrderDaoTest.<init>(OrderDaoTest.java:30)
Caused by: java.io.FileNotFoundException: MODE.txt (The system cannot find the file specified)
	at com.sg.flooring.dao.OrderDaoTest.<init>(OrderDaoTest.java:30)

testGetSingleOrder  Time elapsed: 0 sec  <<< ERROR!
com.sg.flooring.dao.PersistenceException: -_- Could not load data into memory.
	at com.sg.flooring.dao.OrderDaoTest.<init>(OrderDaoTest.java:30)
Caused by: java.io.FileNotFoundException: MODE.txt (The system cannot find the file specified)
	at com.sg.flooring.dao.OrderDaoTest.<init>(OrderDaoTest.java:30)

testRemove  Time elapsed: 0 sec  <<< ERROR!
com.sg.flooring.dao.PersistenceException: -_- Could not load data into memory.
	at com.sg.flooring.dao.OrderDaoTest.<init>(OrderDaoTest.java:30)
Caused by: java.io.FileNotFoundException: MODE.txt (The system cannot find the file specified)
	at com.sg.flooring.dao.OrderDaoTest.<init>(OrderDaoTest.java:30)

